abg.exe, C:\jgen.notes.models.test\tstuaf1.ief\notes\java, JVM, JDBC, INTERNET, JAVA, JAVAC, OFF, *, *, ABC, *, *, *, *, YES.
ABG generating Encyid: 22020096
os       JVM
lang     JAVA
dbms     JDBC
compiler JAVAC
tpmon    INTERNET
MBCS set code page ID: 1252.
Starting Action Block Generator
Generated 877 lines of Java.
Writing output file: C:\jgen.notes.models.test\tstuaf1.ief\notes\java\eu/jgen/notes/tstuaf1/samples AB01.java
Wrote 181 lines.
Writing output file: C:\jgen.notes.models.test\tstuaf1.ief\notes\java\eu/jgen/notes/tstuaf1/samples AB01_IA.java
Wrote 148 lines.
Writing output file: C:\jgen.notes.models.test\tstuaf1.ief\notes\java\eu/jgen/notes/tstuaf1/samples AB01_OA.java
Wrote 130 lines.
Writing output file: C:\jgen.notes.models.test\tstuaf1.ief\notes\java\eu/jgen/notes/tstuaf1/samples AB02_IA.java
Wrote 148 lines.
Writing output file: C:\jgen.notes.models.test\tstuaf1.ief\notes\java\eu/jgen/notes/tstuaf1/samples AB02_OA.java
Wrote 130 lines.
